SET nafa wfwr
GET nafa
SET name vev
SET whoisgoat iam
GET whoisgoat
SET who u
GEt who
GET whoisgoat
SET mynameisGOAT yurht
GET mynameisGOAT
GET who
SET lol kek
GET lol
GET name
GET name
GET name
GET mynameisGoat
GET mynameisGOAT
GET mynameisGOAT
GET lol
GET name
GET nafa
GET whoisgoat
GET who
GET whoisgoat
GET mynameisGOAT
GET mynameisGOAT
GET mynameisGOAT
GET mynameisGOAT
GET mynameisGOAT
GET mynameisGOAT
GET mynameisGOAT
GET mynameisGOAT
GET mynameisGOAT
GET mynameisGOAT
GET mynameisGOAT
GET mynameisGOAT
GET nafa
GET whoisgoat
GET mynameisGOAT
SET mynameisGOAT yurht
GET mynameisGOAT
GET lol
GET lol
SET abrakadabra death
